NewHandwave-master/openCVLibrary310/build/intermediates/manifest_merge_blame_file/release/manifest-merger-blame-release-report.txt
1<?xml version="1.0" encoding="utf-8"?>
2<manifest xmlns:android="http://schemas.android.com/apk/res/android"
3    package="org.opencv"
4    android:versionCode="3100"
5    android:versionName="3.1.0" >
6
7    <uses-sdk android:minSdkVersion="14" />
7-->src/main/AndroidManifest.xml:7:5-73
7-->src/main/AndroidManifest.xml:7:15-40
8
9</manifest>